<?xml version="1.0" encoding="UTF-8"?>
<testsuite name="htw.berlin.WebtechProjekt.WebtechProjektApplicationTests" tests="1" skipped="0" failures="0" errors="0" timestamp="2021-04-16T10:13:12" hostname="MacBook-Pro.local" time="0.374">
  <properties/>
  <testcase name="contextLoads()" classname="htw.berlin.WebtechProjekt.WebtechProjektApplicationTests" time="0.374"/>
  <system-out><![CDATA[12:13:10.193 [Test worker] DEBUG org.springframework.test.context.BootstrapUtils - Instantiating CacheAwareContextLoaderDelegate from class [org.springframework.test.context.cache.DefaultCacheAwareContextLoaderDelegate]
12:13:10.210 [Test worker] DEBUG org.springframework.test.context.BootstrapUtils - Instantiating BootstrapContext using constructor [public org.springframework.test.context.support.DefaultBootstrapContext(java.lang.Class,org.springframework.test.context.CacheAwareContextLoaderDelegate)]
12:13:10.243 [Test worker] DEBUG org.springframework.test.context.BootstrapUtils - Instantiating TestContextBootstrapper for test class [htw.berlin.WebtechProjekt.WebtechProjektApplicationTests] from class [org.springframework.boot.test.context.SpringBootTestContextBootstrapper]
12:13:10.258 [Test worker] INFO org.springframework.boot.test.context.SpringBootTestContextBootstrapper - Neither @ContextConfiguration nor @ContextHierarchy found for test class [htw.berlin.WebtechProjekt.WebtechProjektApplicationTests], using SpringBootContextLoader
12:13:10.264 [Test worker] DEBUG org.springframework.test.context.support.AbstractContextLoader - Did not detect default resource location for test class [htw.berlin.WebtechProjekt.WebtechProjektApplicationTests]: class path resource [htw/berlin/WebtechProjekt/WebtechProjektApplicationTests-context.xml] does not exist
12:13:10.265 [Test worker] DEBUG org.springframework.test.context.support.AbstractContextLoader - Did not detect default resource location for test class [htw.berlin.WebtechProjekt.WebtechProjektApplicationTests]: class path resource [htw/berlin/WebtechProjekt/WebtechProjektApplicationTestsContext.groovy] does not exist
12:13:10.265 [Test worker] INFO org.springframework.test.context.support.AbstractContextLoader - Could not detect default resource locations for test class [htw.berlin.WebtechProjekt.WebtechProjektApplicationTests]: no resource found for suffixes {-context.xml, Context.groovy}.
12:13:10.266 [Test worker] INFO org.springframework.test.context.support.AnnotationConfigContextLoaderUtils - Could not detect default configuration classes for test class [htw.berlin.WebtechProjekt.WebtechProjektApplicationTests]: WebtechProjektApplicationTests does not declare any static, non-private, non-final, nested classes annotated with @Configuration.
12:13:10.311 [Test worker] DEBUG org.springframework.test.context.support.ActiveProfilesUtils - Could not find an 'annotation declaring class' for annotation type [org.springframework.test.context.ActiveProfiles] and class [htw.berlin.WebtechProjekt.WebtechProjektApplicationTests]
12:13:10.375 [Test worker] DEBUG org.springframework.context.annotation.ClassPathScanningCandidateComponentProvider - Identified candidate component class: file [/Users/john-simonbachhuber/Studium/3 Semester/Webtechnologien/IntelliJ/WebtechProjekt/build/classes/java/main/htw/berlin/WebtechProjekt/WebtechProjektApplication.class]
12:13:10.376 [Test worker] INFO org.springframework.boot.test.context.SpringBootTestContextBootstrapper - Found @SpringBootConfiguration htw.berlin.WebtechProjekt.WebtechProjektApplication for test class htw.berlin.WebtechProjekt.WebtechProjektApplicationTests
12:13:10.475 [Test worker] DEBUG org.springframework.boot.test.context.SpringBootTestContextBootstrapper - @TestExecutionListeners is not present for class [htw.berlin.WebtechProjekt.WebtechProjektApplicationTests]: using defaults.
12:13:10.476 [Test worker] INFO org.springframework.boot.test.context.SpringBootTestContextBootstrapper - Loaded default TestExecutionListener class names from location [META-INF/spring.factories]: [org.springframework.boot.test.autoconfigure.restdocs.RestDocsTestExecutionListener, org.springframework.boot.test.autoconfigure.web.client.MockRestServiceServerResetTestExecutionListener, org.springframework.boot.test.autoconfigure.web.servlet.MockMvcPrintOnlyOnFailureTestExecutionListener, org.springframework.boot.test.autoconfigure.web.servlet.WebDriverTestExecutionListener, org.springframework.boot.test.autoconfigure.webservices.client.MockWebServiceServerTestExecutionListener, org.springframework.boot.test.mock.mockito.MockitoTestExecutionListener, org.springframework.boot.test.mock.mockito.ResetMocksTestExecutionListener, org.springframework.test.context.web.ServletTestExecutionListener, org.springframework.test.context.support.DirtiesContextBeforeModesTestExecutionListener, org.springframework.test.context.event.ApplicationEventsTestExecutionListener, org.springframework.test.context.support.DependencyInjectionTestExecutionListener, org.springframework.test.context.support.DirtiesContextTestExecutionListener, org.springframework.test.context.transaction.TransactionalTestExecutionListener, org.springframework.test.context.jdbc.SqlScriptsTestExecutionListener, org.springframework.test.context.event.EventPublishingTestExecutionListener]
12:13:10.491 [Test worker] DEBUG org.springframework.boot.test.context.SpringBootTestContextBootstrapper - Skipping candidate TestExecutionListener [org.springframework.test.context.transaction.TransactionalTestExecutionListener] due to a missing dependency. Specify custom listener classes or make the default listener classes and their required dependencies available. Offending class: [org/springframework/transaction/interceptor/TransactionAttributeSource]
12:13:10.492 [Test worker] DEBUG org.springframework.boot.test.context.SpringBootTestContextBootstrapper - Skipping candidate TestExecutionListener [org.springframework.test.context.jdbc.SqlScriptsTestExecutionListener] due to a missing dependency. Specify custom listener classes or make the default listener classes and their required dependencies available. Offending class: [org/springframework/transaction/interceptor/TransactionAttribute]
12:13:10.492 [Test worker] INFO org.springframework.boot.test.context.SpringBootTestContextBootstrapper - Using TestExecutionListeners: [org.springframework.test.context.web.ServletTestExecutionListener@6d39942f, org.springframework.test.context.support.DirtiesContextBeforeModesTestExecutionListener@b24ad73, org.springframework.test.context.event.ApplicationEventsTestExecutionListener@652ec5f9, org.springframework.boot.test.mock.mockito.MockitoTestExecutionListener@7e8229d6, org.springframework.boot.test.autoconfigure.SpringBootDependencyInjectionTestExecutionListener@5fbb52c5, org.springframework.test.context.support.DirtiesContextTestExecutionListener@71da3374, org.springframework.test.context.event.EventPublishingTestExecutionListener@624821bb, org.springframework.boot.test.autoconfigure.restdocs.RestDocsTestExecutionListener@deb78bd, org.springframework.boot.test.autoconfigure.web.client.MockRestServiceServerResetTestExecutionListener@8c32ebf, org.springframework.boot.test.autoconfigure.web.servlet.MockMvcPrintOnlyOnFailureTestExecutionListener@28a2fd40, org.springframework.boot.test.autoconfigure.web.servlet.WebDriverTestExecutionListener@bc44416, org.springframework.boot.test.autoconfigure.webservices.client.MockWebServiceServerTestExecutionListener@5dbcfb43, org.springframework.boot.test.mock.mockito.ResetMocksTestExecutionListener@4c1b909d]
12:13:10.496 [Test worker] DEBUG org.springframework.test.context.support.AbstractDirtiesContextTestExecutionListener - Before test class: context [DefaultTestContext@4dd179ce testClass = WebtechProjektApplicationTests, testInstance = [null], testMethod = [null], testException = [null], mergedContextConfiguration = [WebMergedContextConfiguration@5dd5a250 testClass = WebtechProjektApplicationTests, locations = '{}', classes = '{class htw.berlin.WebtechProjekt.WebtechProjektApplication}', contextInitializerClasses = '[]', activeProfiles = '{}', propertySourceLocations = '{}', propertySourceProperties = '{org.springframework.boot.test.context.SpringBootTestContextBootstrapper=true}', contextCustomizers = set[org.springframework.boot.test.autoconfigure.actuate.metrics.MetricsExportContextCustomizerFactory$DisableMetricExportContextCustomizer@2f3b63fa, org.springframework.boot.test.autoconfigure.properties.PropertyMappingContextCustomizer@0, org.springframework.boot.test.autoconfigure.web.servlet.WebDriverContextCustomizerFactory$Customizer@59900dbc, org.springframework.boot.test.context.filter.ExcludeFilterContextCustomizer@1f21a6ab, org.springframework.boot.test.json.DuplicateJsonObjectContextCustomizerFactory$DuplicateJsonObjectContextCustomizer@390e1d87, org.springframework.boot.test.mock.mockito.MockitoContextCustomizer@0, org.springframework.boot.test.web.client.TestRestTemplateContextCustomizer@41590728, org.springframework.boot.test.context.SpringBootTestArgs@1, org.springframework.boot.test.context.SpringBootTestWebEnvironment@d116294], resourceBasePath = 'src/main/webapp', contextLoader = 'org.springframework.boot.test.context.SpringBootContextLoader', parent = [null]], attributes = map['org.springframework.test.context.web.ServletTestExecutionListener.activateListener' -> true]], class annotated with @DirtiesContext [false] with mode [null].
12:13:10.535 [Test worker] DEBUG org.springframework.test.context.support.TestPropertySourceUtils - Adding inlined properties to environment: {spring.jmx.enabled=false, org.springframework.boot.test.context.SpringBootTestContextBootstrapper=true}

  .   ____          _            __ _ _
 /\\ / ___'_ __ _ _(_)_ __  __ _ \ \ \ \
( ( )\___ | '_ | '_| | '_ \/ _` | \ \ \ \
 \\/  ___)| |_)| | | | | || (_| |  ) ) ) )
  '  |____| .__|_| |_|_| |_\__, | / / / /
 =========|_|==============|___/=/_/_/_/
 :: Spring Boot ::                (v2.4.5)

2021-04-16 12:13:10.967  INFO 15779 --- [    Test worker] h.b.W.WebtechProjektApplicationTests     : Starting WebtechProjektApplicationTests using Java 15.0.2 on MacBook-Pro.local with PID 15779 (started by john-simonbachhuber in /Users/john-simonbachhuber/Studium/3 Semester/Webtechnologien/IntelliJ/WebtechProjekt)
2021-04-16 12:13:10.969  INFO 15779 --- [    Test worker] h.b.W.WebtechProjektApplicationTests     : No active profile set, falling back to default profiles: default
2021-04-16 12:13:11.934  INFO 15779 --- [    Test worker] o.s.s.concurrent.ThreadPoolTaskExecutor  : Initializing ExecutorService 'applicationTaskExecutor'
2021-04-16 12:13:12.213  INFO 15779 --- [    Test worker] h.b.W.WebtechProjektApplicationTests     : Started WebtechProjektApplicationTests in 1.669 seconds (JVM running for 2.685)
]]></system-out>
  <system-err><![CDATA[]]></system-err>
</testsuite>
